#
# There is insufficient memory for the Java Runtime Environment to continue.
# Native memory allocation (mmap) failed to map 469762048 bytes. Error detail: G1 virtual space
# Possible reasons:
#   The system is out of physical RAM or swap space
#   This process is running with CompressedOops enabled, and the Java Heap may be blocking the growth of the native heap
# Possible solutions:
#   Reduce memory load on the system
#   Increase physical memory or swap space
#   Check if swap backing store is full
#   Decrease Java heap size (-Xmx/-Xms)
#   Decrease number of Java threads
#   Decrease Java thread stack sizes (-Xss)
#   Set larger code cache with -XX:ReservedCodeCacheSize=
#   JVM is running with Zero Based Compressed Oops mode in which the Java heap is
#     placed in the first 32GB address space. The Java Heap base address is the
#     maximum limit for the native heap growth. Please use -XX:HeapBaseMinAddress
#     to set the Java Heap base and to place the Java Heap above 32GB virtual address.
# This output file may be truncated or incomplete.
#
#  Out of Memory Error (os_windows.cpp:3554), pid=35728, tid=41056
#
# JRE version:  (25.0+37) (build )
# Java VM: Java HotSpot(TM) 64-Bit Server VM (25+37-LTS-3491, mixed mode, sharing, tiered, compressed oops, compressed class ptrs, g1 gc, windows-amd64)
# No core dump will be written. Minidumps are not enabled by default on client versions of Windows
#

---------------  S U M M A R Y ------------

Command Line: -Dfile.encoding=UTF-8 --module-path=D:\Apache\bank management system\build\classes bank.management.system.Login

Host: AMD Ryzen 5 5600G with Radeon Graphics         , 12 cores, 27G,  Windows 11 , 64 bit Build 26100 (10.0.26100.7309)
Time: Fri Dec  5 21:19:52 2025 Bangladesh Standard Time elapsed time: 1.028104 seconds (0d 0h 0m 1s)

---------------  T H R E A D  ---------------

Current thread (0x0000018539e3f0c0):  JavaThread "Unknown thread" [_thread_in_vm, id=41056, stack(0x0000005567e00000,0x0000005567f00000) (1024K)]

Stack: [0x0000005567e00000,0x0000005567f00000]
Native frames: (J=compiled Java code, j=interpreted, Vv=VM code, C=native code)
V  [jvm.dll+0x7a6a39]  (no source info available)
V  [jvm.dll+0x7727ed]  (no source info available)
V  [jvm.dll+0x965f33]  (no source info available)
V  [jvm.dll+0x968531]  (no source info available)
V  [jvm.dll+0x968c33]  (no source info available)
V  [jvm.dll+0x2fc756]  (no source info available)
V  [jvm.dll+0x7a2c65]  (no source info available)
V  [jvm.dll+0x796077]  (no source info available)
V  [jvm.dll+0x3f4698]  (no source info available)
V  [jvm.dll+0x3fc5b6]  (no source info available)
V  [jvm.dll+0x3e8c8e]  (no source info available)
V  [jvm.dll+0x3e8f48]  (no source info available)
V  [jvm.dll+0x3c0045]  (no source info available)
V  [jvm.dll+0x3c0cce]  (no source info available)
V  [jvm.dll+0x92c647]  (no source info available)
V  [jvm.dll+0x458b62]  (no source info available)
V  [jvm.dll+0x90fff2]  (no source info available)
V  [jvm.dll+0x4f9001]  (no source info available)
V  [jvm.dll+0x4fa891]  (no source info available)
C  [jli.dll+0x543e]  (no source info available)
C  [ucrtbase.dll+0x37b0]  (no source info available)
C  [KERNEL32.DLL+0x2e8d7]  (no source info available)
C  [ntdll.dll+0x8c53c]  (no source info available)

Lock stack of current Java thread (top to bottom):


---------------  P R O C E S S  ---------------

Threads class SMR info:
_java_thread_list=0x00007ffd1dad5308, length=0, elements={
}

Java Threads: ( => current thread )
Total: 0

Other Threads:
  0x000001853c360870 WorkerThread "GC Thread#0"                     [id=20416, stack(0x0000005567f00000,0x0000005568000000) (1024K)]
  0x000001853c378720 ConcurrentGCThread "G1 Main Marker"            [id=28724, stack(0x0000005568000000,0x0000005568100000) (1024K)]
  0x000001853c3792c0 WorkerThread "G1 Conc#0"                       [id=18176, stack(0x0000005568100000,0x0000005568200000) (1024K)]

[error occurred during error reporting (printing all threads), id 0xc0000005, EXCEPTION_ACCESS_VIOLATION (0xc0000005) at pc=0x00007ffd1d1b4c2a]
VM state: not at safepoint (not fully initialized)

VM Mutex/Monitor currently owned by a thread:  ([mutex/lock_event])
[0x00007ffd1db59628] Heap_lock - owner thread: 0x0000018539e3f0c0

Heap address: 0x0000000641800000, size: 7144 MB, Compressed Oops mode: Zero based, Oop shift amount: 3

CDS archive(s) mapped at: [0x0000000000000000-0x0000000000000000-0x0000000000000000), size 0, SharedBaseAddress: 0x0000000800000000, ArchiveRelocationMode: 1.
UseCompressedClassPointers 1, UseCompactObjectHeaders 0
Narrow klass pointer bits 32, Max shift 3
Narrow klass base: 0xffffffffffffffff, Narrow klass shift: -1
Encoding Range: [0xffffffffffffffff - 0x000000007fffffff), (2147483648 bytes)
Klass Range:    [0x0000000000000000 - 0x0000000000000000), (0 bytes)
Klass ID Range:  [4294967295 - 0) (1)
No protection zone.

GC Precious Log:
 CardTable entry size: 512
 Card Set container configuration: InlinePtr #cards 4 size 8 Array Of Cards #cards 32 size 80 Howl #buckets 8 coarsen threshold 7372 Howl Bitmap #cards 1024 size 144 coarsen threshold 921 Card regions per heap region 1 cards per card region 8192

Heap:
 garbage-first heap   total reserved 7315456K, committed 0K, used 0K [0x0000000641800000, 0x0000000800000000)
  region size 4096K, 0 young (0K), 0 survivors (0K)

Heap Regions: E=young(eden), S=young(survivor), O=old, HS=humongous(starts), HC=humongous(continues), CS=collection set, F=free, TAMS=top-at-mark-start, PB=parsable bottom

Card table byte_map: [0x0000018554eb0000,0x0000018555cb0000] _byte_map_base: 0x0000018551ca4000

Marking Bits: (CMBitMap*) 0x000001853c361000
 Bits: [0x0000018555cb0000, 0x000001855cc50000)

GC Heap Usage History (0 events):
No events

Metaspace Usage History (0 events):
No events

Dll operation events (1 events):
Event: 0.006 Loaded shared library C:\Program Files\Java\jdk-25\bin\java.dll

Deoptimization events (0 events):
No events

Classes loaded (0 events):
No events

Classes unloaded (0 events):
No events

Classes redefined (0 events):
No events

Internal exceptions (0 events):
No events

VM Operations (0 events):
No events

Memory protections (0 events):
No events

Nmethod flushes (0 events):
No events

Events (0 events):
No events


Dynamic libraries:
0x00007ff7b1510000 - 0x00007ff7b1520000 	C:\Program Files\Java\jdk-25\bin\java.exe
0x00007ffda9860000 - 0x00007ffda9ac7000 	C:\WINDOWS\SYSTEM32\ntdll.dll
0x00007ffda8970000 - 0x00007ffda8a39000 	C:\WINDOWS\System32\KERNEL32.DLL
0x00007ffda69b0000 - 0x00007ffda6d9f000 	C:\WINDOWS\System32\KERNELBASE.dll
0x00007ffda6e70000 - 0x00007ffda6fbb000 	C:\WINDOWS\System32\ucrtbase.dll
0x00007ffd81660000 - 0x00007ffd81677000 	C:\Program Files\Java\jdk-25\bin\jli.dll
0x00007ffd99eb0000 - 0x00007ffd99ece000 	C:\Program Files\Java\jdk-25\bin\VCRUNTIME140.dll
0x00007ffda76a0000 - 0x00007ffda7865000 	C:\WINDOWS\System32\USER32.dll
0x00007ffda7070000 - 0x00007ffda7097000 	C:\WINDOWS\System32\win32u.dll
0x00007ffd96b00000 - 0x00007ffd96d93000 	C:\WINDOWS\WinSxS\amd64_microsoft.windows.common-controls_6595b64144ccf1df_6.0.26100.7309_none_3e05feeae336a044\COMCTL32.dll
0x00007ffda81d0000 - 0x00007ffda81fb000 	C:\WINDOWS\System32\GDI32.dll
0x00007ffda7390000 - 0x00007ffda74bc000 	C:\WINDOWS\System32\gdi32full.dll
0x00007ffda8200000 - 0x00007ffda82a9000 	C:\WINDOWS\System32\msvcrt.dll
0x00007ffda74c0000 - 0x00007ffda7563000 	C:\WINDOWS\System32\msvcp_win.dll
0x00007ffda7c10000 - 0x00007ffda7c41000 	C:\WINDOWS\System32\IMM32.DLL
0x00007ffda38f0000 - 0x00007ffda38fc000 	C:\Program Files\Java\jdk-25\bin\vcruntime140_1.dll
0x00007ffd75cb0000 - 0x00007ffd75d3d000 	C:\Program Files\Java\jdk-25\bin\msvcp140.dll
0x00007ffd1cde0000 - 0x00007ffd1dc3f000 	C:\Program Files\Java\jdk-25\bin\server\jvm.dll
0x00007ffda8aa0000 - 0x00007ffda8b54000 	C:\WINDOWS\System32\ADVAPI32.dll
0x00007ffda8d00000 - 0x00007ffda8da6000 	C:\WINDOWS\System32\sechost.dll
0x00007ffda7870000 - 0x00007ffda7988000 	C:\WINDOWS\System32\RPCRT4.dll
0x00007ffda9540000 - 0x00007ffda95b4000 	C:\WINDOWS\System32\WS2_32.dll
0x00007ffda6810000 - 0x00007ffda686e000 	C:\WINDOWS\SYSTEM32\POWRPROF.dll
0x00007ffd9f0c0000 - 0x00007ffd9f0f5000 	C:\WINDOWS\SYSTEM32\WINMM.dll
0x00007ffda0b60000 - 0x00007ffda0b6b000 	C:\WINDOWS\SYSTEM32\VERSION.dll
0x00007ffda67f0000 - 0x00007ffda6804000 	C:\WINDOWS\SYSTEM32\UMPDC.dll
0x00007ffda5720000 - 0x00007ffda573b000 	C:\WINDOWS\SYSTEM32\kernel.appcore.dll
0x00007ffda30d0000 - 0x00007ffda30da000 	C:\Program Files\Java\jdk-25\bin\jimage.dll
0x00007ffd9f4e0000 - 0x00007ffd9f722000 	C:\WINDOWS\SYSTEM32\DBGHELP.DLL
0x00007ffda7c50000 - 0x00007ffda7fd6000 	C:\WINDOWS\System32\combase.dll
0x00007ffda8890000 - 0x00007ffda8966000 	C:\WINDOWS\System32\OLEAUT32.dll
0x00007ffd94230000 - 0x00007ffd9426c000 	C:\WINDOWS\SYSTEM32\dbgcore.DLL
0x00007ffda6fc0000 - 0x00007ffda7065000 	C:\WINDOWS\System32\bcryptPrimitives.dll
0x00007ffd8e600000 - 0x00007ffd8e61f000 	C:\Program Files\Java\jdk-25\bin\java.dll
0x00007ffda8b60000 - 0x00007ffda8cf7000 	C:\WINDOWS\System32\ole32.dll
0x00007ffda8db0000 - 0x00007ffda9503000 	C:\WINDOWS\System32\SHELL32.dll
0x00007ffda7220000 - 0x00007ffda738a000 	C:\WINDOWS\System32\wintypes.dll

JVMTI agents: none

dbghelp: loaded successfully - version: 4.0.5 - missing functions: none
symbol engine: initialized successfully - sym options: 0x614 - pdb path: .;C:\Program Files\Java\jdk-25\bin;C:\WINDOWS\SYSTEM32;C:\WINDOWS\WinSxS\amd64_microsoft.windows.common-controls_6595b64144ccf1df_6.0.26100.7309_none_3e05feeae336a044;C:\Program Files\Java\jdk-25\bin\server

VM Arguments:
jvm_args: -Dfile.encoding=UTF-8 --module-path=D:\Apache\bank management system\build\classes 
java_command: bank.management.system.Login
java_class_path (initial): C:\Users\msi\Downloads\jcalendar-1.4 (1).jar;D:\DIU\library\mysql-connector-j-8.0.33.jar;D:\Apache\bank management system\build\classes
Launcher Type: SUN_STANDARD

[Global flags]
     intx CICompilerCount                          = 4                                         {product} {ergonomic}
     uint ConcGCThreads                            = 3                                         {product} {ergonomic}
     uint G1ConcRefinementThreads                  = 10                                        {product} {ergonomic}
   size_t G1HeapRegionSize                         = 4194304                                   {product} {ergonomic}
   size_t InitialHeapSize                          = 469762048                                 {product} {ergonomic}
   size_t MarkStackSize                            = 4194304                                   {product} {ergonomic}
   size_t MarkStackSizeMax                         = 536870912                                 {product} {ergonomic}
   size_t MaxHeapSize                              = 7491026944                                {product} {ergonomic}
   size_t MinHeapDeltaBytes                        = 4194304                                   {product} {ergonomic}
   size_t MinHeapSize                              = 8388608                                   {product} {ergonomic}
    uintx NonNMethodCodeHeapSize                   = 5832704                                {pd product} {ergonomic}
    uintx NonProfiledCodeHeapSize                  = 122945536                              {pd product} {ergonomic}
     bool PerfDisableSharedMem                     = true                                      {product} {ergonomic}
    uintx ProfiledCodeHeapSize                     = 122880000                              {pd product} {ergonomic}
    uintx ReservedCodeCacheSize                    = 251658240                              {pd product} {ergonomic}
     bool SegmentedCodeCache                       = true                                      {product} {ergonomic}
   size_t SoftMaxHeapSize                          = 7491026944                             {manageable} {ergonomic}
     bool UseCompressedOops                        = true                           {product lp64_product} {ergonomic}
     bool UseG1GC                                  = true                                      {product} {ergonomic}
     bool UseLargePagesIndividualAllocation        = false                                  {pd product} {ergonomic}

Logging:
Log output configuration:
 #0: stdout all=warning uptime,level,tags foldmultilines=false
 #1: stderr all=off uptime,level,tags foldmultilines=false

Release file:
<release file has not been read>
Environment Variables:
JAVA_HOME=C:\Program Files\Eclipse Adoptium\jdk-17.0.16.8-hotspot\
PATH=C:\Program Files\Common Files\Oracle\Java\javapath;C:\Program Files\Eclipse Adoptium\jdk-21.0.8.9-hotspot\bin;C:\Program Files\Eclipse Adoptium\jdk-17.0.16.8-hotspot\bin;C:\Program Files (x86)\Common Files\Oracle\Java\java8path;C:\Program Files (x86)\Common Files\Oracle\Java\javapath;C:\WINDOWS\system32;C:\WINDOWS;C:\WINDOWS\System32\Wbem;C:\WINDOWS\System32\WindowsPowerShell\v1.0\;C:\WINDOWS\System32\OpenSSH\;C:\Program Files\dotnet\;C:\Program Files\Cloudflare\Cloudflare WARP\;C:\Program Files\Git\cmd;C:\Program Files\MySQL\MySQL Shell 8.0\bin\;C:\Users\msi\AppData\Local\Microsoft\WindowsApps;C:\Users\msi\AppData\Local\Programs\Microsoft VS Code\bin;C:\MinGW\bin;
USERNAME=msi
OS=Windows_NT
PROCESSOR_IDENTIFIER=AMD64 Family 25 Model 80 Stepping 0, AuthenticAMD
TMP=C:\Users\msi\AppData\Local\Temp
TEMP=C:\Users\msi\AppData\Local\Temp




Compilation memory statistics disabled.

Periodic native trim disabled

---------------  S Y S T E M  ---------------

OS:
 Windows 11 , 64 bit Build 26100 (10.0.26100.7309)
OS uptime: 2 days 3:06 hours
Hyper-V role detected

CPU: total 12 (initial active 12) (12 cores per cpu, 2 threads per core) family 25 model 80 stepping 0 microcode 0xa50000f, cx8, cmov, fxsr, ht, mmx, 3dnowpref, sse, sse2, sse3, ssse3, sse4a, sse4.1, sse4.2, popcnt, lzcnt, tsc, tscinvbit, avx, avx2, aes, erms, clmul, bmi1, bmi2, adx, sha, fma, vzeroupper, clflush, clflushopt, clwb, hv, rdtscp, rdpid, fsrm, f16c, cet_ss
Processor Information for the first 12 processors :
  Max Mhz: 3901, Current Mhz: 3901, Mhz Limit: 3901

Memory: 4k page, system-wide physical 28564M (13696M free)
TotalPageFile size 60954M (AvailPageFile size 437M)
current process WorkingSet (physical memory assigned to process): 14M, peak: 14M
current process commit charge ("private bytes"): 65M, peak: 513M

vm_info: Java HotSpot(TM) 64-Bit Server VM (25+37-LTS-3491) for windows-amd64 JRE (25+37-LTS-3491), built on 2025-08-14T21:13:00Z with unknown MS VC++:1943

END.
